This is e-pTeX, Version 3.141592653-p3.9.0-210218-2.6 (utf8.sjis) (TeX Live 2021/W32TeX) (preloaded format=platex 2022.3.9)  23 MAR 2022 13:45
entering extended mode
 restricted \write18 enabled.
 %&-line parsing enabled.
**main.tex
(./main.tex
pLaTeX2e <2021-11-15> (based on LaTeX2e <2021-11-15> patch level 1)
L3 programming layer <2022-02-24>
(c:/texlive/2021/texmf-dist/tex/platex/base/jreport.cls
Document Class: jreport 2020/09/30 v1.8f Standard pLaTeX class
\c@@paper=\count184
(c:/texlive/2021/texmf-dist/tex/platex/base/jsize11.clo
File: jsize11.clo 2020/09/30 v1.8f Standard pLaTeX file (size option)
)
\c@part=\count185
\c@chapter=\count186
\c@section=\count187
\c@subsection=\count188
\c@subsubsection=\count189
\c@paragraph=\count190
\c@subparagraph=\count191
\c@figure=\count192
\c@table=\count193
\abovecaptionskip=\skip47
\belowcaptionskip=\skip48
\symmincho=\mathgroup4
LaTeX Font Info:    Overwriting symbol font `mincho' in version `bold'
(Font)                  JY1/mc/m/n --> JY1/gt/m/n on input line 704.
\toclineskip=\dimen154
\@lnumwidth=\dimen155
\bibindent=\dimen156
\heisei=\count194
)
(c:/texlive/2021/texmf-dist/tex/latex/graphics/epsfig.sty
Package: epsfig 2017/06/25 v1.7b (e)psfig emulation (SPQR)

(c:/texlive/2021/texmf-dist/tex/latex/graphics/graphicx.sty
Package: graphicx 2021/09/16 v1.2d Enhanced LaTeX Graphics (DPC,SPQR)

(c:/texlive/2021/texmf-dist/tex/latex/graphics/keyval.sty
Package: keyval 2014/10/28 v1.15 key=value parser (DPC)
\KV@toks@=\toks17
)
(c:/texlive/2021/texmf-dist/tex/latex/graphics/graphics.sty
Package: graphics 2021/03/04 v1.4d Standard LaTeX Graphics (DPC,SPQR)

(c:/texlive/2021/texmf-dist/tex/latex/graphics/trig.sty
Package: trig 2021/08/11 v1.11 sin cos tan (DPC)
)
(c:/texlive/2021/texmf-dist/tex/latex/graphics-cfg/graphics.cfg
File: graphics.cfg 2016/06/04 v1.11 sample graphics configuration
)
Package graphics Info: Driver file: dvips.def on input line 107.

(c:/texlive/2021/texmf-dist/tex/latex/graphics-def/dvips.def
File: dvips.def 2017/06/20 v3.1d Graphics/color driver for dvips
))
\Gin@req@height=\dimen157
\Gin@req@width=\dimen158
)
\epsfxsize=\dimen159
\epsfysize=\dimen160
)
(c:/texlive/2021/texmf-dist/tex/latex/amsmath/amsmath.sty
Package: amsmath 2021/10/15 v2.17l AMS math features
\@mathmargin=\skip49

For additional information on amsmath, use the `?' option.
(c:/texlive/2021/texmf-dist/tex/latex/amsmath/amstext.sty
Package: amstext 2021/08/26 v2.01 AMS text

(c:/texlive/2021/texmf-dist/tex/latex/amsmath/amsgen.sty
File: amsgen.sty 1999/11/30 v2.0 generic functions
\@emptytoks=\toks18
\ex@=\dimen161
))
(c:/texlive/2021/texmf-dist/tex/latex/amsmath/amsbsy.sty
Package: amsbsy 1999/11/29 v1.2d Bold Symbols
\pmbraise@=\dimen162
)
(c:/texlive/2021/texmf-dist/tex/latex/amsmath/amsopn.sty
Package: amsopn 2021/08/26 v2.02 operator names
)
\inf@bad=\count195
LaTeX Info: Redefining \frac on input line 234.
\uproot@=\count196
\leftroot@=\count197
LaTeX Info: Redefining \overline on input line 399.
\classnum@=\count198
\DOTSCASE@=\count199
LaTeX Info: Redefining \ldots on input line 496.
LaTeX Info: Redefining \dots on input line 499.
LaTeX Info: Redefining \cdots on input line 620.
\Mathstrutbox@=\box67
\strutbox@=\box68
\big@size=\dimen163
LaTeX Font Info:    Redeclaring font encoding OML on input line 743.
LaTeX Font Info:    Redeclaring font encoding OMS on input line 744.
\macc@depth=\count266
\c@MaxMatrixCols=\count267
\dotsspace@=\muskip16
\c@parentequation=\count268
\dspbrk@lvl=\count269
\tag@help=\toks19
\row@=\count270
\column@=\count271
\maxfields@=\count272
\andhelp@=\toks20
\eqnshift@=\dimen164
\alignsep@=\dimen165
\tagshift@=\dimen166
\tagwidth@=\dimen167
\totwidth@=\dimen168
\lineht@=\dimen169
\@envbody=\toks21
\multlinegap=\skip50
\multlinetaggap=\skip51
\mathdisplay@stack=\toks22
LaTeX Info: Redefining \[ on input line 2938.
LaTeX Info: Redefining \] on input line 2939.
)
(c:/texlive/2021/texmf-dist/tex/latex/amsfonts/amssymb.sty
Package: amssymb 2013/01/14 v3.01 AMS font symbols

(c:/texlive/2021/texmf-dist/tex/latex/amsfonts/amsfonts.sty
Package: amsfonts 2013/01/14 v3.01 Basic AMSFonts support
\symAMSa=\mathgroup5
\symAMSb=\mathgroup6
LaTeX Font Info:    Redeclaring math symbol \hbar on input line 98.
LaTeX Font Info:    Overwriting math alphabet `\mathfrak' in version `bold'
(Font)                  U/euf/m/n --> U/euf/b/n on input line 106.
))
(c:/texlive/2021/texmf-dist/tex/latex/tools/bm.sty
Package: bm 2021/04/25 v1.2e Bold Symbol Support (DPC/FMi)
\symboldoperators=\mathgroup7
\symboldletters=\mathgroup8
\symboldsymbols=\mathgroup9
Package bm Info: No bold for \OMX/cmex/m/n, using \pmb.
\symboldmincho=\mathgroup10
Package bm Info: No bold for \U/msa/m/n, using \pmb.
Package bm Info: No bold for \U/msb/m/n, using \pmb.
LaTeX Font Info:    Redeclaring math alphabet \mathbf on input line 149.
)
(c:/texlive/2021/texmf-dist/tex/latex/graphics/color.sty
Package: color 2021/12/07 v1.3c Standard LaTeX Color (DPC)

(c:/texlive/2021/texmf-dist/tex/latex/graphics-cfg/color.cfg
File: color.cfg 2016/01/02 v1.6 sample color configuration
)
Package color Info: Driver file: dvipdfmx.def on input line 149.

(c:/texlive/2021/texmf-dist/tex/latex/graphics-def/dvipdfmx.def
File: dvipdfmx.def 2021/03/18 v5.0j Graphics/color driver for dvipdfmx
)
(c:/texlive/2021/texmf-dist/tex/latex/graphics/dvipsnam.def
File: dvipsnam.def 2016/06/17 v3.0m Driver-dependent file (DPC,SPQR)
))
(c:/texlive/2021/texmf-dist/tex/latex/listings/listings.sty
\lst@mode=\count273
\lst@gtempboxa=\box69
\lst@token=\toks23
\lst@length=\count274
\lst@currlwidth=\dimen170
\lst@column=\count275
\lst@pos=\count276
\lst@lostspace=\dimen171
\lst@width=\dimen172
\lst@newlines=\count277
\lst@lineno=\count278
\lst@maxwidth=\dimen173

(c:/texlive/2021/texmf-dist/tex/latex/listings/lstmisc.sty
File: lstmisc.sty 2020/03/24 1.8d (Carsten Heinz)
\c@lstnumber=\count279
\lst@skipnumbers=\count280
\lst@framebox=\box70
)
(c:/texlive/2021/texmf-dist/tex/latex/listings/listings.cfg
File: listings.cfg 2020/03/24 1.8d listings configuration
))
Package: listings 2020/03/24 1.8d (Carsten Heinz)

(c:/texlive/texmf-local/tex/latex/local/listings/jlisting.sty
Package: jlisting 2006/02/20 0.2 (Thor)
\lst@nextchar=\count281
\lst@inputfile=\read2
)
(c:/texlive/2021/texmf-dist/tex/latex/url/url.sty
\Urlmuskip=\muskip17
Package: url 2013/09/16  ver 3.4  Verb mode for urls, etc.
)
(c:/texlive/2021/texmf-dist/tex/latex/tools/verbatim.sty
Package: verbatim 2020-07-07 v1.5u LaTeX2e package for verbatim enhancements
\every@verbatim=\toks24
\verbatim@line=\toks25
\verbatim@in@stream=\read3
)
(c:/texlive/2021/texmf-dist/tex/latex/l3backend/l3backend-dvips.def
File: l3backend-dvips.def 2022-02-07 L3 backend support: dvips
\l__pdf_internal_box=\box71
\g__pdf_backend_object_int=\count282
\l__pdf_backend_content_box=\box72
\l__pdf_backend_model_box=\box73
\g__pdf_backend_annotation_int=\count283
\g__pdf_backend_link_int=\count284
\g__pdf_backend_link_sf_int=\count285
)

LaTeX Warning: Unused global option(s):
    [epsfig].

(./main.aux (./chapter1/chapter1.aux) (./chapter2/chapter2.aux)
(./chapter3/chapter3.aux) (./chapter4/chapter4.aux) (./chapter5/chapter5.aux)
(./reference.aux) (./Acknowledgements.aux) (./Appendix/Appendix.aux))
\openout1 = `main.aux'.

LaTeX Font Info:    Checking defaults for OML/cmm/m/it on input line 57.
LaTeX Font Info:    ... okay on input line 57.
LaTeX Font Info:    Checking defaults for OMS/cmsy/m/n on input line 57.
LaTeX Font Info:    ... okay on input line 57.
LaTeX Font Info:    Checking defaults for OT1/cmr/m/n on input line 57.
LaTeX Font Info:    ... okay on input line 57.
LaTeX Font Info:    Checking defaults for T1/cmr/m/n on input line 57.
LaTeX Font Info:    ... okay on input line 57.
LaTeX Font Info:    Checking defaults for TS1/cmr/m/n on input line 57.
LaTeX Font Info:    ... okay on input line 57.
LaTeX Font Info:    Checking defaults for OMX/cmex/m/n on input line 57.
LaTeX Font Info:    ... okay on input line 57.
LaTeX Font Info:    Checking defaults for U/cmr/m/n on input line 57.
LaTeX Font Info:    ... okay on input line 57.
LaTeX Font Info:    Checking defaults for JY1/mc/m/n on input line 57.
LaTeX Font Info:    ... okay on input line 57.
LaTeX Font Info:    Checking defaults for JT1/mc/m/n on input line 57.
LaTeX Font Info:    ... okay on input line 57.
\c@lstlisting=\count286
LaTeX Font Info:    Trying to load font information for U+msa on input line 59.


(c:/texlive/2021/texmf-dist/tex/latex/amsfonts/umsa.fd
File: umsa.fd 2013/01/14 v3.01 AMS symbols A
)
LaTeX Font Info:    Trying to load font information for U+msb on input line 59.


(c:/texlive/2021/texmf-dist/tex/latex/amsfonts/umsb.fd
File: umsb.fd 2013/01/14 v3.01 AMS symbols B
) [1

]
LaTeX Font Info:    Font shape `JT1/mc/bx/n' in size <20.74> not available
(Font)              Font shape `JT1/gt/m/n' tried instead on input line 62.
LaTeX Font Info:    Font shape `JY1/mc/bx/n' in size <20.74> not available
(Font)              Font shape `JY1/gt/m/n' tried instead on input line 62.
 (./main.toc
LaTeX Font Info:    Font shape `JT1/mc/bx/n' in size <12> not available
(Font)              Font shape `JT1/gt/m/n' tried instead on input line 1.
LaTeX Font Info:    Font shape `JY1/mc/bx/n' in size <12> not available
(Font)              Font shape `JY1/gt/m/n' tried instead on input line 1.

[2

])
\tf@toc=\write3
\openout3 = `main.toc'.

 [3]
\openout2 = `chapter1/chapter1.aux'.

 (./chapter1/chapter1.tex
第 1 章
[4


]) [5]
\openout2 = `chapter2/chapter2.aux'.

 (./chapter2/chapter2.tex
第 2 章
LaTeX Font Info:    Font shape `JT1/mc/bx/n' in size <14.4> not available
(Font)              Font shape `JT1/gt/m/n' tried instead on input line 3.
LaTeX Font Info:    Font shape `JY1/mc/bx/n' in size <14.4> not available
(Font)              Font shape `JY1/gt/m/n' tried instead on input line 3.
File: chapter2/TWELITE.png Graphic file (type bmp)
<chapter2/TWELITE.png>
[6




] [7]
File: chapter2/MQTT.png Graphic file (type bmp)
<chapter2/MQTT.png>
 [8]
File: chapter2/kouseigaiyou.png Graphic file (type bmp)
<chapter2/kouseigaiyou.png>

Overfull \hbox (36.98866pt too wide) in paragraph at lines 73--74
 [][] 
 []

) [9

]
\openout2 = `chapter3/chapter3.aux'.

 (./chapter3/chapter3.tex
第 3 章
LaTeX Font Info:    Font shape `JT1/mc/bx/n' in size <10.95> not available
(Font)              Font shape `JT1/gt/m/n' tried instead on input line 11.
LaTeX Font Info:    Font shape `JY1/mc/bx/n' in size <10.95> not available
(Font)              Font shape `JY1/gt/m/n' tried instead on input line 11.
File: chapter3/LQ25.png Graphic file (type bmp)
<chapter3/LQ25.png>

Overfull \hbox (14.22638pt too wide) in paragraph at lines 25--26
 [][] 
 []

[10




] [11] [12

]
File: chapter3/sysmodel.png Graphic file (type bmp)
<chapter3/sysmodel.png>

Overfull \hbox (42.67912pt too wide) in paragraph at lines 53--54
 [][] 
 []

[13

] [14

]
File: chapter3/MQTTprop.png Graphic file (type bmp)
<chapter3/MQTTprop.png>

Overfull \hbox (36.98866pt too wide) in paragraph at lines 88--89
 [][] 
 []

[15

] [16

]
File: chapter3/mqttlate.png Graphic file (type bmp)
<chapter3/mqttlate.png>
File: chapter3/mqttlate2.png Graphic file (type bmp)
<chapter3/mqttlate2.png>
 [17

]
LaTeX Font Info:    Kanji font shape `JY1/mc/m/it' undefined
(Font)              No change on input line 170.
LaTeX Font Info:    Kanji font shape `JY1/mc/m/it' undefined
(Font)              No change on input line 174.
 [18

]
File: chapter3/kalman.png Graphic file (type bmp)
<chapter3/kalman.png>

Overfull \hbox (14.22638pt too wide) in paragraph at lines 187--188
 [][] 
 []

[19

]
File: chapter3/interp.png Graphic file (type bmp)
<chapter3/interp.png>

Overfull \hbox (14.22638pt too wide) in paragraph at lines 231--232
 [][] 
 []

) [20] [21]
\openout2 = `chapter4/chapter4.aux'.

 (./chapter4/chapter4.tex
第 4 章
File: chapter4/TWjikken.png Graphic file (type bmp)
<chapter4/TWjikken.png>

Overfull \hbox (14.22638pt too wide) in paragraph at lines 23--24
 [][] 
 []

[22




] [23]) [24]
\openout2 = `chapter5/chapter5.aux'.

 (./chapter5/chapter5.tex
第 5 章
) [25




]
\openout2 = `reference.aux'.

 (./reference.tex
Underfull \hbox (badness 1142) in paragraph at lines 4--5
[]\JY1/mc/m/n/12 モノワイヤレス株式会社　\OT1/cmr/m/n/12 "TWELITE CUE \JY1/mc/m
/n/12 デ ータシ ート\OT1/cmr/m/n/12 ", $\OT1/cmtt/m/n/12 https : / /
 []


Underfull \hbox (badness 8151) in paragraph at lines 6--7
[]\JY1/mc/m/n/12 モノワイヤレス株式会社　\OT1/cmr/m/n/12 "TWELITE CUE \JY1/mc/m
/n/12 製品情報\OT1/cmr/m/n/12 ", $\OT1/cmtt/m/n/12 https : / /
 []

) [26




]
\openout2 = `Acknowledgements.aux'.

 (./Acknowledgements.tex) [27




]
\openout2 = `Appendix/Appendix.aux'.

 (./Appendix/Appendix.tex
付 録 A  
[28




] [29] [30] [31

]) [32] (./main.aux (./chapter1/chapter1.aux)
(./chapter2/chapter2.aux) (./chapter3/chapter3.aux) (./chapter4/chapter4.aux)
(./chapter5/chapter5.aux) (./reference.aux) (./Acknowledgements.aux)
(./Appendix/Appendix.aux)) ) 
Here is how much of TeX's memory you used:
 4663 strings out of 478739
 70691 string characters out of 5862056
 1089193 words of memory out of 5000000
 22971 multiletter control sequences out of 15000+600000
 493915 words of font info for 124 fonts, out of 8000000 for 9000
 929 hyphenation exceptions out of 8191
 70i,13n,76p,453b,1748s stack positions out of 5000i,500n,10000p,200000b,80000s

Output written on main.dvi (32 pages, 114036 bytes).
